<?xml version="1.0" encoding="UTF-8"?>
<!-- Generated by org.testng.reporters.JUnitReportReporter -->
<testsuite hostname="SML-0687" name="com.FreeCrm.PageFactory.VerifyLoginPage" tests="1" failures="0" timestamp="6 Apr 2018 11:16:58 GMT" time="19.740" errors="0">
  <testcase name="VerifyLoginTest" time="19.740" classname="com.FreeCrm.PageFactory.VerifyLoginPage"/>
</testsuite> <!-- com.FreeCrm.PageFactory.VerifyLoginPage -->
