<?xml version="1.0" encoding="UTF-8"?>
<!-- Generated by org.testng.reporters.JUnitReportReporter -->
<testsuite hostname="SML-0687" name="com.FreeCrm.Page.VerifyLoginpage" tests="1" failures="0" timestamp="6 Apr 2018 10:06:07 GMT" time="13.819" errors="0">
  <testcase name="VerifyLoginTest" time="13.819" classname="com.FreeCrm.Page.VerifyLoginpage"/>
</testsuite> <!-- com.FreeCrm.Page.VerifyLoginpage -->
